2023-06-04 13:46:25.491 [main] INFO  c.h.r.l.lesson29.CoffeeOrderBoard - Adding order for customer: Petro
2023-06-04 13:46:25.495 [main] INFO  c.h.r.l.lesson29.CoffeeOrderBoard - Adding order for customer: Petro2
2023-06-04 13:46:25.495 [main] INFO  c.h.r.l.lesson29.CoffeeOrderBoard - Adding order for customer: Petro3
2023-06-04 13:46:25.495 [main] INFO  c.h.r.l.lesson29.CoffeeOrderBoard - Delivering order
2023-06-04 13:46:25.495 [main] INFO  c.h.r.l.lesson29.CoffeeOrderBoard - Delivering order with number: 2
2023-06-04 13:46:25.495 [main] INFO  c.h.r.l.lesson29.CoffeeOrderBoard - Drawing coffee order board
2023-06-06 20:44:42.784 [main] INFO  c.h.r.l.lesson29.CoffeeOrderBoard - Adding order for customer: Petro
2023-06-06 20:44:42.789 [main] INFO  c.h.r.l.lesson29.CoffeeOrderBoard - Adding order for customer: Petro2
2023-06-06 20:44:42.790 [main] INFO  c.h.r.l.lesson29.CoffeeOrderBoard - Adding order for customer: Petro3
2023-06-06 20:44:42.790 [main] INFO  c.h.r.l.lesson29.CoffeeOrderBoard - Delivering order
2023-06-06 20:44:42.790 [main] INFO  c.h.r.l.lesson29.CoffeeOrderBoard - Delivering order with number: 2
2023-06-06 20:44:42.790 [main] INFO  c.h.r.l.lesson29.CoffeeOrderBoard - Drawing coffee order board:
==========================
Num	| Name
==========================
3	| Petro3
==========================
2023-06-06 20:44:57.316 [main] INFO  c.h.r.l.lesson29.CoffeeOrderBoard - Adding order for customer: Petro
2023-06-06 20:44:57.320 [main] INFO  c.h.r.l.lesson29.CoffeeOrderBoard - Adding order for customer: Petro2
2023-06-06 20:44:57.320 [main] INFO  c.h.r.l.lesson29.CoffeeOrderBoard - Adding order for customer: Petro3
2023-06-06 20:44:57.320 [main] INFO  c.h.r.l.lesson29.CoffeeOrderBoard - Drawing coffee order board:
==========================
Num	| Name
==========================
1	| Petro
2	| Petro2
3	| Petro3
==========================
